<?xml version="1.0" encoding="UTF-8" ?>
<testsuite errors="0" failures="0" hostname="DESKTOP-4K1HDNA" name="alarms.CameraViewTest$CopyViewToLocationTest" skipped="0" tests="8" time="0.163" timestamp="2019-11-09T19:55:48">
  <properties>
    <property name="sun.desktop" value="windows" />
    <property name="awt.toolkit" value="sun.awt.windows.WToolkit" />
    <property name="ant.library.dir" value="C:\Program Files\Apache-Ant-1.10.7\lib" />
    <property name="ant.file.type" value="file" />
    <property name="java.specification.version" value="12" />
    <property name="ant.project.name" value="alarms" />
    <property name="sun.cpu.isalist" value="amd64" />
    <property name="sun.jnu.encoding" value="Cp1252" />
    <property name="java.class.path" value="C:\Program Files\Apache-Ant-1.10.7\lib\hamcrest-core-1.3.jar;C:\Users\Owner\Desktop\Alarms\build;C:\Program Files\Apache-Ant-1.10.7\lib\junit-4.12.jar;C:\Program Files\Apache-Ant-1.10.7\lib\ant-launcher.jar;C:\Program Files\Apache-Ant-1.10.7\lib\ant.jar;C:\Program Files\Apache-Ant-1.10.7\lib\ant-junit.jar;C:\Program Files\Apache-Ant-1.10.7\lib\ant-junit4.jar" />
    <property name="java.vm.vendor" value="Oracle Corporation" />
    <property name="sun.arch.data.model" value="64" />
    <property name="main-class" value="alarms.AlarmSystem" />
    <property name="user.variant" value="" />
    <property name="java.vendor.url" value="https://java.oracle.com/" />
    <property name="java.vm.specification.version" value="12" />
    <property name="os.name" value="Windows 10" />
    <property name="sun.java.launcher" value="SUN_STANDARD" />
    <property name="user.country" value="US" />
    <property name="sun.boot.library.path" value="C:\Program Files\Java\jdk-12.0.2\bin" />
    <property name="sun.java.command" value="org.apache.tools.ant.taskdefs.optional.junit.JUnitTestRunner alarms.CameraViewTest$CopyViewToLocationTest skipNonTests=false filtertrace=false haltOnError=false haltOnFailure=false formatter=org.apache.tools.ant.taskdefs.optional.junit.OutErrSummaryJUnitResultFormatter showoutput=false outputtoformatters=true logfailedtests=true threadid=0 logtestlistenerevents=false formatter=org.apache.tools.ant.taskdefs.optional.junit.XMLJUnitResultFormatter,C:\Users\Owner\Desktop\Alarms\report\junit\TEST-alarms.CameraViewTest$CopyViewToLocationTest.xml crashfile=C:\Users\Owner\Desktop\Alarms\junitvmwatcher2251098628015512424.properties propsfile=C:\Users\Owner\Desktop\Alarms\junit2323016880509884602.properties" />
    <property name="jdk.debug" value="release" />
    <property name="sun.cpu.endian" value="little" />
    <property name="user.home" value="C:\Users\Owner" />
    <property name="user.language" value="en" />
    <property name="sun.stderr.encoding" value="cp437" />
    <property name="java.specification.vendor" value="Oracle Corporation" />
    <property name="_jacoco.agentFile" value="C:\Users\Owner\AppData\Local\Temp\jacocoagent10840312719465444321.jar" />
    <property name="java.version.date" value="2019-07-16" />
    <property name="java.home" value="C:\Program Files\Java\jdk-12.0.2" />
    <property name="basedir" value="C:\Users\Owner\Desktop\Alarms" />
    <property name="file.separator" value="\" />
    <property name="jacoco.file" value="report/jacoco/jacoco.exec" />
    <property name="java.vm.compressedOopsMode" value="32-bit" />
    <property name="sun.stdout.encoding" value="cp437" />
    <property name="line.separator" value="&#xd;&#xa;" />
    <property name="ant.java.version" value="12" />
    <property name="java.specification.name" value="Java Platform API Specification" />
    <property name="java.vm.specification.vendor" value="Oracle Corporation" />
    <property name="doc.dir" value="doc" />
    <property name="java.awt.graphicsenv" value="sun.awt.Win32GraphicsEnvironment" />
    <property name="ant.file.type.alarms" value="file" />
    <property name="user.script" value="" />
    <property name="sun.management.compiler" value="HotSpot 64-Bit Tiered Compilers" />
    <property name="java.runtime.version" value="12.0.2+10" />
    <property name="user.name" value="Owner" />
    <property name="ant.file" value="C:\Users\Owner\Desktop\Alarms\build.xml" />
    <property name="path.separator" value=";" />
    <property name="jacoco.dir" value="report/jacoco" />
    <property name="os.version" value="10.0" />
    <property name="java.runtime.name" value="Java(TM) SE Runtime Environment" />
    <property name="ant.project.invoked-targets" value="report" />
    <property name="file.encoding" value="Cp1252" />
    <property name="java.vm.name" value="Java HotSpot(TM) 64-Bit Server VM" />
    <property name="report.dir" value="report" />
    <property name="ant.file.alarms" value="C:\Users\Owner\Desktop\Alarms\build.xml" />
    <property name="junit.dir" value="report/junit" />
    <property name="ant.core.lib" value="C:\Program Files\Apache-Ant-1.10.7\lib\ant.jar" />
    <property name="build.dir" value="build" />
    <property name="java.vendor.url.bug" value="https://bugreport.java.com/bugreport/" />
    <property name="java.io.tmpdir" value="C:\Users\Owner\AppData\Local\Temp\" />
    <property name="java.version" value="12.0.2" />
    <property name="user.dir" value="C:\Users\Owner\Desktop\Alarms" />
    <property name="os.arch" value="amd64" />
    <property name="java.vm.specification.name" value="Java Virtual Machine Specification" />
    <property name="ant.home" value="C:\Program Files\Apache-Ant-1.10.7" />
    <property name="sun.os.patch.level" value="" />
    <property name="ant.version" value="Apache Ant(TM) version 1.10.7 compiled on September 1 2019" />
    <property name="java.library.path" value="C:\Program Files\Java\jdk-12.0.2\bin;C:\WINDOWS\Sun\Java\bin;C:\WINDOWS\system32;C:\WINDOWS;C:\Program Files (x86)\Common Files\Oracle\Java\javapath;C:\WINDOWS\system32;C:\WINDOWS;C:\WINDOWS\System32\Wbem;C:\WINDOWS\System32\WindowsPowerShell\v1.0\;C:\WINDOWS\System32\OpenSSH\;C:\Program Files\PuTTY\;C:\Program Files\nodejs\;C:\Program Files\Git\cmd;C:\Users\Owner\AppData\Local\Programs\Python\Python37\Scripts\;C:\Users\Owner\AppData\Local\Programs\Python\Python37\;C:\Users\Owner\AppData\Local\Microsoft\WindowsApps;C:\Users\Owner\AppData\Roaming\npm;C:\Program Files\JetBrains\IntelliJ IDEA Community Edition 2019.2.2\bin;;C:\Program Files\Java\jdk-12.0.2;C:\Program Files\Apache-Ant-1.10.7\bin;C:\Program Files\Apache-Ant-1.10.7\bin;;." />
    <property name="java.vm.info" value="mixed mode, sharing" />
    <property name="java.vendor" value="Oracle Corporation" />
    <property name="java.vm.version" value="12.0.2+10" />
    <property name="sun.io.unicode.encoding" value="UnicodeLittle" />
    <property name="java.class.version" value="56.0" />
    <property name="src.dir" value="src" />
  </properties>
  <testcase classname="alarms.CameraViewTest$CopyViewToLocationTest" name="boundaryTest" time="0.016" />
  <testcase classname="alarms.CameraViewTest$CopyViewToLocationTest" name="badData1" time="0.0" />
  <testcase classname="alarms.CameraViewTest$CopyViewToLocationTest" name="badData2" time="0.0" />
  <testcase classname="alarms.CameraViewTest$CopyViewToLocationTest" name="badData3" time="0.0" />
  <testcase classname="alarms.CameraViewTest$CopyViewToLocationTest" name="badData4" time="0.0" />
  <testcase classname="alarms.CameraViewTest$CopyViewToLocationTest" name="badData5" time="0.0" />
  <testcase classname="alarms.CameraViewTest$CopyViewToLocationTest" name="badData6" time="0.0" />
  <testcase classname="alarms.CameraViewTest$CopyViewToLocationTest" name="goodData" time="0.0" />
  <system-out><![CDATA[]]></system-out>
  <system-err><![CDATA[]]></system-err>
</testsuite>
